The target system is: Linux -  - riscv64
The host system is: Linux - 4.4.0-31-generic - x86_64
Compiling the C compiler identification source file "CMakeCCompilerId.c" succeeded.
Compiler: /home/gaojies/Tools/riscv64-linux-x86_64-20210512/bin/riscv64-unknown-linux-gnu-gcc 
Build flags: -lm;-static;-march=rv64gcvxtheadc;-O3;-g0;-Wall;-Wshadow;-Wundef;-Wmaybe-uninitialized;
Id flags: 

The output was:
0


Compilation of the C compiler identification source "CMakeCCompilerId.c" produced "a.out"

The C compiler identification is GNU, found in "/home/gaojies/workspace/d1-tina-open/package/test/lvgltest/imx6ull-lvgl-master/build/CMakeFiles/2.8.12.2/CompilerIdC/a.out"

Compiling the CXX compiler identification source file "CMakeCXXCompilerId.cpp" succeeded.
Compiler: /home/gaojies/Tools/riscv64-linux-x86_64-20210512/bin/riscv64-unknown-linux-gnu-g++ 
Build flags: 
Id flags: 

The output was:
0


Compilation of the CXX compiler identification source "CMakeCXXCompilerId.cpp" produced "a.out"

The CXX compiler identification is GNU, found in "/home/gaojies/workspace/d1-tina-open/package/test/lvgltest/imx6ull-lvgl-master/build/CMakeFiles/2.8.12.2/CompilerIdCXX/a.out"

Determining if the C compiler works passed with the following output:
Change Dir: /home/gaojies/workspace/d1-tina-open/package/test/lvgltest/imx6ull-lvgl-master/build/CMakeFiles/CMakeTmp

Run Build Command:/usr/bin/make "cmTryCompileExec1942990238/fast"
/usr/bin/make -f CMakeFiles/cmTryCompileExec1942990238.dir/build.make CMakeFiles/cmTryCompileExec1942990238.dir/build
make[1]: Entering directory `/home/gaojies/workspace/d1-tina-open/package/test/lvgltest/imx6ull-lvgl-master/build/CMakeFiles/CMakeTmp'
/usr/bin/cmake -E cmake_progress_report /home/gaojies/workspace/d1-tina-open/package/test/lvgltest/imx6ull-lvgl-master/build/CMakeFiles/CMakeTmp/CMakeFiles 1
Building C object CMakeFiles/cmTryCompileExec1942990238.dir/testCCompiler.c.o
/home/gaojies/Tools/riscv64-linux-x86_64-20210512/bin/riscv64-unknown-linux-gnu-gcc   -lm -static -march=rv64gcvxtheadc -O3 -g0 -Wall -Wshadow -Wundef -Wmaybe-uninitialized     -o CMakeFiles/cmTryCompileExec1942990238.dir/testCCompiler.c.o   -c /home/gaojies/workspace/d1-tina-open/package/test/lvgltest/imx6ull-lvgl-master/build/CMakeFiles/CMakeTmp/testCCompiler.c
Linking C executable cmTryCompileExec1942990238
/usr/bin/cmake -E cmake_link_script CMakeFiles/cmTryCompileExec1942990238.dir/link.txt --verbose=1
/home/gaojies/Tools/riscv64-linux-x86_64-20210512/bin/riscv64-unknown-linux-gnu-gcc  -lm -static -march=rv64gcvxtheadc -O3 -g0 -Wall -Wshadow -Wundef -Wmaybe-uninitialized      CMakeFiles/cmTryCompileExec1942990238.dir/testCCompiler.c.o  -o cmTryCompileExec1942990238 -rdynamic 
make[1]: Leaving directory `/home/gaojies/workspace/d1-tina-open/package/test/lvgltest/imx6ull-lvgl-master/build/CMakeFiles/CMakeTmp'


Detecting C compiler ABI info compiled with the following output:
Change Dir: /home/gaojies/workspace/d1-tina-open/package/test/lvgltest/imx6ull-lvgl-master/build/CMakeFiles/CMakeTmp

Run Build Command:/usr/bin/make "cmTryCompileExec382863035/fast"
/usr/bin/make -f CMakeFiles/cmTryCompileExec382863035.dir/build.make CMakeFiles/cmTryCompileExec382863035.dir/build
make[1]: Entering directory `/home/gaojies/workspace/d1-tina-open/package/test/lvgltest/imx6ull-lvgl-master/build/CMakeFiles/CMakeTmp'
/usr/bin/cmake -E cmake_progress_report /home/gaojies/workspace/d1-tina-open/package/test/lvgltest/imx6ull-lvgl-master/build/CMakeFiles/CMakeTmp/CMakeFiles 1
Building C object CMakeFiles/cmTryCompileExec382863035.dir/CMakeCCompilerABI.c.o
/home/gaojies/Tools/riscv64-linux-x86_64-20210512/bin/riscv64-unknown-linux-gnu-gcc   -lm -static -march=rv64gcvxtheadc -O3 -g0 -Wall -Wshadow -Wundef -Wmaybe-uninitialized     -o CMakeFiles/cmTryCompileExec382863035.dir/CMakeCCompilerABI.c.o   -c /usr/share/cmake-2.8/Modules/CMakeCCompilerABI.c
Linking C executable cmTryCompileExec382863035
/usr/bin/cmake -E cmake_link_script CMakeFiles/cmTryCompileExec382863035.dir/link.txt --verbose=1
/home/gaojies/Tools/riscv64-linux-x86_64-20210512/bin/riscv64-unknown-linux-gnu-gcc  -lm -static -march=rv64gcvxtheadc -O3 -g0 -Wall -Wshadow -Wundef -Wmaybe-uninitialized    -v CMakeFiles/cmTryCompileExec382863035.dir/CMakeCCompilerABI.c.o  -o cmTryCompileExec382863035 -rdynamic  
Using built-in specs.
COLLECT_GCC=/home/gaojies/Tools/riscv64-linux-x86_64-20210512/bin/riscv64-unknown-linux-gnu-gcc
COLLECT_LTO_WRAPPER=/home/gaojies/Tools/riscv64-linux-x86_64-20210512/bin/../libexec/gcc/riscv64-unknown-linux-gnu/10.2.0/lto-wrapper
Target: riscv64-unknown-linux-gnu
Configured with: /ldhome/software/toolsbuild/slave2/workspace/Toolchain/release-riscv-0/build/../source/riscv/riscv-gcc/configure --target=riscv64-unknown-linux-gnu --with-gmp=/ldhome/software/toolsbuild/slave2/workspace/Toolchain/release-riscv-0/lib-for-gcc-x86_64-linux/ --with-mpfr=/ldhome/software/toolsbuild/slave2/workspace/Toolchain/release-riscv-0/lib-for-gcc-x86_64-linux/ --with-mpc=/ldhome/software/toolsbuild/slave2/workspace/Toolchain/release-riscv-0/lib-for-gcc-x86_64-linux/ --with-libexpat-prefix=/ldhome/software/toolsbuild/slave2/workspace/Toolchain/release-riscv-0/lib-for-gcc-x86_64-linux/ --with-pkgversion='T-HEAD RISCV Tools V2.0.1 B20210512' --prefix=/ldhome/software/toolsbuild/slave2/workspace/Toolchain/release-riscv-0/install --with-sysroot=/ldhome/software/toolsbuild/slave2/workspace/Toolchain/release-riscv-0/install/sysroot --with-system-zlib --enable-shared --enable-tls --enable-languages=c,c++,fortran --disable-libmudflap --disable-libssp --disable-libquadmath --disable-libsanitizer --disable-nls --disable-bootstrap --src=../../source/riscv/riscv-gcc --enable-multilib --with-abi=lp64d --with-arch=rv64gcxthead 'CFLAGS_FOR_TARGET=-O2   -mcmodel=medany' 'CXXFLAGS_FOR_TARGET=-O2   -mcmodel=medany'
Thread model: posix
Supported LTO compression algorithms: zlib
gcc version 10.2.0 (T-HEAD RISCV Tools V2.0.1 B20210512) 
COMPILER_PATH=/home/gaojies/Tools/riscv64-linux-x86_64-20210512/bin/../libexec/gcc/riscv64-unknown-linux-gnu/10.2.0/:/home/gaojies/Tools/riscv64-linux-x86_64-20210512/bin/../libexec/gcc/:/home/gaojies/Tools/riscv64-linux-x86_64-20210512/bin/../lib/gcc/riscv64-unknown-linux-gnu/10.2.0/../../../../riscv64-unknown-linux-gnu/bin/
LIBRARY_PATH=/home/gaojies/Tools/riscv64-linux-x86_64-20210512/bin/../lib/gcc/riscv64-unknown-linux-gnu/10.2.0/lib64vxthead/lp64d/:/home/gaojies/Tools/riscv64-linux-x86_64-20210512/bin/../lib/gcc/riscv64-unknown-linux-gnu/10.2.0/../../../../riscv64-unknown-linux-gnu/lib/../lib64vxthead/lp64d/:/home/gaojies/Tools/riscv64-linux-x86_64-20210512/bin/../sysroot/lib/../lib64vxthead/lp64d/:/home/gaojies/Tools/riscv64-linux-x86_64-20210512/bin/../lib/gcc/riscv64-unknown-linux-gnu/10.2.0/:/home/gaojies/Tools/riscv64-linux-x86_64-20210512/bin/../lib/gcc/:/home/gaojies/Tools/riscv64-linux-x86_64-20210512/bin/../lib/gcc/riscv64-unknown-linux-gnu/10.2.0/../../../../riscv64-unknown-linux-gnu/lib/:/home/gaojies/Tools/riscv64-linux-x86_64-20210512/bin/../sysroot/lib64vxthead/lp64d/:/home/gaojies/Tools/riscv64-linux-x86_64-20210512/bin/../sysroot/usr/lib64vxthead/lp64d/:/home/gaojies/Tools/riscv64-linux-x86_64-20210512/bin/../sysroot/lib/
COLLECT_GCC_OPTIONS='-static' '-march=rv64gcvxtheadc' '-O3' '-g0' '-Wall' '-Wshadow' '-Wundef' '-Wmaybe-uninitialized' '-v' '-o' 'cmTryCompileExec382863035' '-rdynamic' '-mabi=lp64d' '-march=rv64imafdcv_xtheadc'
 /home/gaojies/Tools/riscv64-linux-x86_64-20210512/bin/../libexec/gcc/riscv64-unknown-linux-gnu/10.2.0/collect2 -plugin /home/gaojies/Tools/riscv64-linux-x86_64-20210512/bin/../libexec/gcc/riscv64-unknown-linux-gnu/10.2.0/liblto_plugin.so -plugin-opt=/home/gaojies/Tools/riscv64-linux-x86_64-20210512/bin/../libexec/gcc/riscv64-unknown-linux-gnu/10.2.0/lto-wrapper -plugin-opt=-fresolution=/tmp/ccOxDafM.res -plugin-opt=-pass-through=-lgcc -plugin-opt=-pass-through=-lgcc_eh -plugin-opt=-pass-through=-lc --sysroot=/home/gaojies/Tools/riscv64-linux-x86_64-20210512/bin/../sysroot -melf64lriscv -static -o cmTryCompileExec382863035 /home/gaojies/Tools/riscv64-linux-x86_64-20210512/bin/../sysroot/usr/lib64vxthead/lp64d/crt1.o /home/gaojies/Tools/riscv64-linux-x86_64-20210512/bin/../lib/gcc/riscv64-unknown-linux-gnu/10.2.0/lib64vxthead/lp64d/crti.o /home/gaojies/Tools/riscv64-linux-x86_64-20210512/bin/../lib/gcc/riscv64-unknown-linux-gnu/10.2.0/lib64vxthead/lp64d/crtbeginT.o -L/home/gaojies/Tools/riscv64-linux-x86_64-20210512/bin/../lib/gcc/riscv64-unknown-linux-gnu/10.2.0/lib64vxthead/lp64d -L/home/gaojies/Tools/riscv64-linux-x86_64-20210512/bin/../lib/gcc/riscv64-unknown-linux-gnu/10.2.0/../../../../riscv64-unknown-linux-gnu/lib/../lib64vxthead/lp64d -L/home/gaojies/Tools/riscv64-linux-x86_64-20210512/bin/../sysroot/lib/../lib64vxthead/lp64d -L/home/gaojies/Tools/riscv64-linux-x86_64-20210512/bin/../lib/gcc/riscv64-unknown-linux-gnu/10.2.0 -L/home/gaojies/Tools/riscv64-linux-x86_64-20210512/bin/../lib/gcc -L/home/gaojies/Tools/riscv64-linux-x86_64-20210512/bin/../lib/gcc/riscv64-unknown-linux-gnu/10.2.0/../../../../riscv64-unknown-linux-gnu/lib -L/home/gaojies/Tools/riscv64-linux-x86_64-20210512/bin/../sysroot/lib64vxthead/lp64d -L/home/gaojies/Tools/riscv64-linux-x86_64-20210512/bin/../sysroot/usr/lib64vxthead/lp64d -L/home/gaojies/Tools/riscv64-linux-x86_64-20210512/bin/../sysroot/lib -lm CMakeFiles/cmTryCompileExec382863035.dir/CMakeCCompilerABI.c.o --start-group -lgcc -lgcc_eh -lc --end-group /home/gaojies/Tools/riscv64-linux-x86_64-20210512/bin/../lib/gcc/riscv64-unknown-linux-gnu/10.2.0/lib64vxthead/lp64d/crtend.o /home/gaojies/Tools/riscv64-linux-x86_64-20210512/bin/../lib/gcc/riscv64-unknown-linux-gnu/10.2.0/lib64vxthead/lp64d/crtn.o
COLLECT_GCC_OPTIONS='-static' '-march=rv64gcvxtheadc' '-O3' '-g0' '-Wall' '-Wshadow' '-Wundef' '-Wmaybe-uninitialized' '-v' '-o' 'cmTryCompileExec382863035' '-rdynamic' '-mabi=lp64d' '-march=rv64imafdcv_xtheadc'
make[1]: Leaving directory `/home/gaojies/workspace/d1-tina-open/package/test/lvgltest/imx6ull-lvgl-master/build/CMakeFiles/CMakeTmp'


Parsed C implicit link information from above output:
  link line regex: [^( *|.*[/\])(riscv64-unknown-linux-gnu-ld|([^/\]+-)?ld|collect2)[^/\]*( |$)]
  ignore line: [Change Dir: /home/gaojies/workspace/d1-tina-open/package/test/lvgltest/imx6ull-lvgl-master/build/CMakeFiles/CMakeTmp]
  ignore line: []
  ignore line: [Run Build Command:/usr/bin/make "cmTryCompileExec382863035/fast"]
  ignore line: [/usr/bin/make -f CMakeFiles/cmTryCompileExec382863035.dir/build.make CMakeFiles/cmTryCompileExec382863035.dir/build]
  ignore line: [make[1]: Entering directory `/home/gaojies/workspace/d1-tina-open/package/test/lvgltest/imx6ull-lvgl-master/build/CMakeFiles/CMakeTmp']
  ignore line: [/usr/bin/cmake -E cmake_progress_report /home/gaojies/workspace/d1-tina-open/package/test/lvgltest/imx6ull-lvgl-master/build/CMakeFiles/CMakeTmp/CMakeFiles 1]
  ignore line: [Building C object CMakeFiles/cmTryCompileExec382863035.dir/CMakeCCompilerABI.c.o]
  ignore line: [/home/gaojies/Tools/riscv64-linux-x86_64-20210512/bin/riscv64-unknown-linux-gnu-gcc   -lm -static -march=rv64gcvxtheadc -O3 -g0 -Wall -Wshadow -Wundef -Wmaybe-uninitialized     -o CMakeFiles/cmTryCompileExec382863035.dir/CMakeCCompilerABI.c.o   -c /usr/share/cmake-2.8/Modules/CMakeCCompilerABI.c]
  ignore line: [Linking C executable cmTryCompileExec382863035]
  ignore line: [/usr/bin/cmake -E cmake_link_script CMakeFiles/cmTryCompileExec382863035.dir/link.txt --verbose=1]
  ignore line: [/home/gaojies/Tools/riscv64-linux-x86_64-20210512/bin/riscv64-unknown-linux-gnu-gcc  -lm -static -march=rv64gcvxtheadc -O3 -g0 -Wall -Wshadow -Wundef -Wmaybe-uninitialized    -v CMakeFiles/cmTryCompileExec382863035.dir/CMakeCCompilerABI.c.o  -o cmTryCompileExec382863035 -rdynamic  ]
  ignore line: [Using built-in specs.]
  ignore line: [COLLECT_GCC=/home/gaojies/Tools/riscv64-linux-x86_64-20210512/bin/riscv64-unknown-linux-gnu-gcc]
  ignore line: [COLLECT_LTO_WRAPPER=/home/gaojies/Tools/riscv64-linux-x86_64-20210512/bin/../libexec/gcc/riscv64-unknown-linux-gnu/10.2.0/lto-wrapper]
  ignore line: [Target: riscv64-unknown-linux-gnu]
  ignore line: [Configured with: /ldhome/software/toolsbuild/slave2/workspace/Toolchain/release-riscv-0/build/../source/riscv/riscv-gcc/configure --target=riscv64-unknown-linux-gnu --with-gmp=/ldhome/software/toolsbuild/slave2/workspace/Toolchain/release-riscv-0/lib-for-gcc-x86_64-linux/ --with-mpfr=/ldhome/software/toolsbuild/slave2/workspace/Toolchain/release-riscv-0/lib-for-gcc-x86_64-linux/ --with-mpc=/ldhome/software/toolsbuild/slave2/workspace/Toolchain/release-riscv-0/lib-for-gcc-x86_64-linux/ --with-libexpat-prefix=/ldhome/software/toolsbuild/slave2/workspace/Toolchain/release-riscv-0/lib-for-gcc-x86_64-linux/ --with-pkgversion='T-HEAD RISCV Tools V2.0.1 B20210512' --prefix=/ldhome/software/toolsbuild/slave2/workspace/Toolchain/release-riscv-0/install --with-sysroot=/ldhome/software/toolsbuild/slave2/workspace/Toolchain/release-riscv-0/install/sysroot --with-system-zlib --enable-shared --enable-tls --enable-languages=c,c++,fortran --disable-libmudflap --disable-libssp --disable-libquadmath --disable-libsanitizer --disable-nls --disable-bootstrap --src=../../source/riscv/riscv-gcc --enable-multilib --with-abi=lp64d --with-arch=rv64gcxthead 'CFLAGS_FOR_TARGET=-O2   -mcmodel=medany' 'CXXFLAGS_FOR_TARGET=-O2   -mcmodel=medany']
  ignore line: [Thread model: posix]
  ignore line: [Supported LTO compression algorithms: zlib]
  ignore line: [gcc version 10.2.0 (T-HEAD RISCV Tools V2.0.1 B20210512) ]
  ignore line: [COMPILER_PATH=/home/gaojies/Tools/riscv64-linux-x86_64-20210512/bin/../libexec/gcc/riscv64-unknown-linux-gnu/10.2.0/:/home/gaojies/Tools/riscv64-linux-x86_64-20210512/bin/../libexec/gcc/:/home/gaojies/Tools/riscv64-linux-x86_64-20210512/bin/../lib/gcc/riscv64-unknown-linux-gnu/10.2.0/../../../../riscv64-unknown-linux-gnu/bin/]
  ignore line: [LIBRARY_PATH=/home/gaojies/Tools/riscv64-linux-x86_64-20210512/bin/../lib/gcc/riscv64-unknown-linux-gnu/10.2.0/lib64vxthead/lp64d/:/home/gaojies/Tools/riscv64-linux-x86_64-20210512/bin/../lib/gcc/riscv64-unknown-linux-gnu/10.2.0/../../../../riscv64-unknown-linux-gnu/lib/../lib64vxthead/lp64d/:/home/gaojies/Tools/riscv64-linux-x86_64-20210512/bin/../sysroot/lib/../lib64vxthead/lp64d/:/home/gaojies/Tools/riscv64-linux-x86_64-20210512/bin/../lib/gcc/riscv64-unknown-linux-gnu/10.2.0/:/home/gaojies/Tools/riscv64-linux-x86_64-20210512/bin/../lib/gcc/:/home/gaojies/Tools/riscv64-linux-x86_64-20210512/bin/../lib/gcc/riscv64-unknown-linux-gnu/10.2.0/../../../../riscv64-unknown-linux-gnu/lib/:/home/gaojies/Tools/riscv64-linux-x86_64-20210512/bin/../sysroot/lib64vxthead/lp64d/:/home/gaojies/Tools/riscv64-linux-x86_64-20210512/bin/../sysroot/usr/lib64vxthead/lp64d/:/home/gaojies/Tools/riscv64-linux-x86_64-20210512/bin/../sysroot/lib/]
  ignore line: [COLLECT_GCC_OPTIONS='-static' '-march=rv64gcvxtheadc' '-O3' '-g0' '-Wall' '-Wshadow' '-Wundef' '-Wmaybe-uninitialized' '-v' '-o' 'cmTryCompileExec382863035' '-rdynamic' '-mabi=lp64d' '-march=rv64imafdcv_xtheadc']
  link line: [ /home/gaojies/Tools/riscv64-linux-x86_64-20210512/bin/../libexec/gcc/riscv64-unknown-linux-gnu/10.2.0/collect2 -plugin /home/gaojies/Tools/riscv64-linux-x86_64-20210512/bin/../libexec/gcc/riscv64-unknown-linux-gnu/10.2.0/liblto_plugin.so -plugin-opt=/home/gaojies/Tools/riscv64-linux-x86_64-20210512/bin/../libexec/gcc/riscv64-unknown-linux-gnu/10.2.0/lto-wrapper -plugin-opt=-fresolution=/tmp/ccOxDafM.res -plugin-opt=-pass-through=-lgcc -plugin-opt=-pass-through=-lgcc_eh -plugin-opt=-pass-through=-lc --sysroot=/home/gaojies/Tools/riscv64-linux-x86_64-20210512/bin/../sysroot -melf64lriscv -static -o cmTryCompileExec382863035 /home/gaojies/Tools/riscv64-linux-x86_64-20210512/bin/../sysroot/usr/lib64vxthead/lp64d/crt1.o /home/gaojies/Tools/riscv64-linux-x86_64-20210512/bin/../lib/gcc/riscv64-unknown-linux-gnu/10.2.0/lib64vxthead/lp64d/crti.o /home/gaojies/Tools/riscv64-linux-x86_64-20210512/bin/../lib/gcc/riscv64-unknown-linux-gnu/10.2.0/lib64vxthead/lp64d/crtbeginT.o -L/home/gaojies/Tools/riscv64-linux-x86_64-20210512/bin/../lib/gcc/riscv64-unknown-linux-gnu/10.2.0/lib64vxthead/lp64d -L/home/gaojies/Tools/riscv64-linux-x86_64-20210512/bin/../lib/gcc/riscv64-unknown-linux-gnu/10.2.0/../../../../riscv64-unknown-linux-gnu/lib/../lib64vxthead/lp64d -L/home/gaojies/Tools/riscv64-linux-x86_64-20210512/bin/../sysroot/lib/../lib64vxthead/lp64d -L/home/gaojies/Tools/riscv64-linux-x86_64-20210512/bin/../lib/gcc/riscv64-unknown-linux-gnu/10.2.0 -L/home/gaojies/Tools/riscv64-linux-x86_64-20210512/bin/../lib/gcc -L/home/gaojies/Tools/riscv64-linux-x86_64-20210512/bin/../lib/gcc/riscv64-unknown-linux-gnu/10.2.0/../../../../riscv64-unknown-linux-gnu/lib -L/home/gaojies/Tools/riscv64-linux-x86_64-20210512/bin/../sysroot/lib64vxthead/lp64d -L/home/gaojies/Tools/riscv64-linux-x86_64-20210512/bin/../sysroot/usr/lib64vxthead/lp64d -L/home/gaojies/Tools/riscv64-linux-x86_64-20210512/bin/../sysroot/lib -lm CMakeFiles/cmTryCompileExec382863035.dir/CMakeCCompilerABI.c.o --start-group -lgcc -lgcc_eh -lc --end-group /home/gaojies/Tools/riscv64-linux-x86_64-20210512/bin/../lib/gcc/riscv64-unknown-linux-gnu/10.2.0/lib64vxthead/lp64d/crtend.o /home/gaojies/Tools/riscv64-linux-x86_64-20210512/bin/../lib/gcc/riscv64-unknown-linux-gnu/10.2.0/lib64vxthead/lp64d/crtn.o]
    arg [/home/gaojies/Tools/riscv64-linux-x86_64-20210512/bin/../libexec/gcc/riscv64-unknown-linux-gnu/10.2.0/collect2] ==> ignore
    arg [-plugin] ==> ignore
    arg [/home/gaojies/Tools/riscv64-linux-x86_64-20210512/bin/../libexec/gcc/riscv64-unknown-linux-gnu/10.2.0/liblto_plugin.so] ==> ignore
    arg [-plugin-opt=/home/gaojies/Tools/riscv64-linux-x86_64-20210512/bin/../libexec/gcc/riscv64-unknown-linux-gnu/10.2.0/lto-wrapper] ==> ignore
    arg [-plugin-opt=-fresolution=/tmp/ccOxDafM.res] ==> ignore
    arg [-plugin-opt=-pass-through=-lgcc] ==> ignore
    arg [-plugin-opt=-pass-through=-lgcc_eh] ==> ignore
    arg [-plugin-opt=-pass-through=-lc] ==> ignore
    arg [--sysroot=/home/gaojies/Tools/riscv64-linux-x86_64-20210512/bin/../sysroot] ==> ignore
    arg [-melf64lriscv] ==> ignore
    arg [-static] ==> ignore
    arg [-o] ==> ignore
    arg [cmTryCompileExec382863035] ==> ignore
    arg [/home/gaojies/Tools/riscv64-linux-x86_64-20210512/bin/../sysroot/usr/lib64vxthead/lp64d/crt1.o] ==> ignore
    arg [/home/gaojies/Tools/riscv64-linux-x86_64-20210512/bin/../lib/gcc/riscv64-unknown-linux-gnu/10.2.0/lib64vxthead/lp64d/crti.o] ==> ignore
    arg [/home/gaojies/Tools/riscv64-linux-x86_64-20210512/bin/../lib/gcc/riscv64-unknown-linux-gnu/10.2.0/lib64vxthead/lp64d/crtbeginT.o] ==> ignore
    arg [-L/home/gaojies/Tools/riscv64-linux-x86_64-20210512/bin/../lib/gcc/riscv64-unknown-linux-gnu/10.2.0/lib64vxthead/lp64d] ==> dir [/home/gaojies/Tools/riscv64-linux-x86_64-20210512/bin/../lib/gcc/riscv64-unknown-linux-gnu/10.2.0/lib64vxthead/lp64d]
    arg [-L/home/gaojies/Tools/riscv64-linux-x86_64-20210512/bin/../lib/gcc/riscv64-unknown-linux-gnu/10.2.0/../../../../riscv64-unknown-linux-gnu/lib/../lib64vxthead/lp64d] ==> dir [/home/gaojies/Tools/riscv64-linux-x86_64-20210512/bin/../lib/gcc/riscv64-unknown-linux-gnu/10.2.0/../../../../riscv64-unknown-linux-gnu/lib/../lib64vxthead/lp64d]
    arg [-L/home/gaojies/Tools/riscv64-linux-x86_64-20210512/bin/../sysroot/lib/../lib64vxthead/lp64d] ==> dir [/home/gaojies/Tools/riscv64-linux-x86_64-20210512/bin/../sysroot/lib/../lib64vxthead/lp64d]
    arg [-L/home/gaojies/Tools/riscv64-linux-x86_64-20210512/bin/../lib/gcc/riscv64-unknown-linux-gnu/10.2.0] ==> dir [/home/gaojies/Tools/riscv64-linux-x86_64-20210512/bin/../lib/gcc/riscv64-unknown-linux-gnu/10.2.0]
    arg [-L/home/gaojies/Tools/riscv64-linux-x86_64-20210512/bin/../lib/gcc] ==> dir [/home/gaojies/Tools/riscv64-linux-x86_64-20210512/bin/../lib/gcc]
    arg [-L/home/gaojies/Tools/riscv64-linux-x86_64-20210512/bin/../lib/gcc/riscv64-unknown-linux-gnu/10.2.0/../../../../riscv64-unknown-linux-gnu/lib] ==> dir [/home/gaojies/Tools/riscv64-linux-x86_64-20210512/bin/../lib/gcc/riscv64-unknown-linux-gnu/10.2.0/../../../../riscv64-unknown-linux-gnu/lib]
    arg [-L/home/gaojies/Tools/riscv64-linux-x86_64-20210512/bin/../sysroot/lib64vxthead/lp64d] ==> dir [/home/gaojies/Tools/riscv64-linux-x86_64-20210512/bin/../sysroot/lib64vxthead/lp64d]
    arg [-L/home/gaojies/Tools/riscv64-linux-x86_64-20210512/bin/../sysroot/usr/lib64vxthead/lp64d] ==> dir [/home/gaojies/Tools/riscv64-linux-x86_64-20210512/bin/../sysroot/usr/lib64vxthead/lp64d]
    arg [-L/home/gaojies/Tools/riscv64-linux-x86_64-20210512/bin/../sysroot/lib] ==> dir [/home/gaojies/Tools/riscv64-linux-x86_64-20210512/bin/../sysroot/lib]
    arg [-lm] ==> lib [m]
    arg [CMakeFiles/cmTryCompileExec382863035.dir/CMakeCCompilerABI.c.o] ==> ignore
    arg [--start-group] ==> ignore
    arg [-lgcc] ==> lib [gcc]
    arg [-lgcc_eh] ==> lib [gcc_eh]
    arg [-lc] ==> lib [c]
    arg [--end-group] ==> ignore
    arg [/home/gaojies/Tools/riscv64-linux-x86_64-20210512/bin/../lib/gcc/riscv64-unknown-linux-gnu/10.2.0/lib64vxthead/lp64d/crtend.o] ==> ignore
    arg [/home/gaojies/Tools/riscv64-linux-x86_64-20210512/bin/../lib/gcc/riscv64-unknown-linux-gnu/10.2.0/lib64vxthead/lp64d/crtn.o] ==> ignore
  remove lib [gcc]
  remove lib [gcc_eh]
  collapse library dir [/home/gaojies/Tools/riscv64-linux-x86_64-20210512/bin/../lib/gcc/riscv64-unknown-linux-gnu/10.2.0/lib64vxthead/lp64d] ==> [/home/gaojies/Tools/riscv64-linux-x86_64-20210512/lib/gcc/riscv64-unknown-linux-gnu/10.2.0/lib64vxthead/lp64d]
  collapse library dir [/home/gaojies/Tools/riscv64-linux-x86_64-20210512/bin/../lib/gcc/riscv64-unknown-linux-gnu/10.2.0/../../../../riscv64-unknown-linux-gnu/lib/../lib64vxthead/lp64d] ==> [/home/gaojies/Tools/riscv64-linux-x86_64-20210512/riscv64-unknown-linux-gnu/lib64vxthead/lp64d]
  collapse library dir [/home/gaojies/Tools/riscv64-linux-x86_64-20210512/bin/../sysroot/lib/../lib64vxthead/lp64d] ==> [/home/gaojies/Tools/riscv64-linux-x86_64-20210512/sysroot/lib64vxthead/lp64d]
  collapse library dir [/home/gaojies/Tools/riscv64-linux-x86_64-20210512/bin/../lib/gcc/riscv64-unknown-linux-gnu/10.2.0] ==> [/home/gaojies/Tools/riscv64-linux-x86_64-20210512/lib/gcc/riscv64-unknown-linux-gnu/10.2.0]
  collapse library dir [/home/gaojies/Tools/riscv64-linux-x86_64-20210512/bin/../lib/gcc] ==> [/home/gaojies/Tools/riscv64-linux-x86_64-20210512/lib/gcc]
  collapse library dir [/home/gaojies/Tools/riscv64-linux-x86_64-20210512/bin/../lib/gcc/riscv64-unknown-linux-gnu/10.2.0/../../../../riscv64-unknown-linux-gnu/lib] ==> [/home/gaojies/Tools/riscv64-linux-x86_64-20210512/riscv64-unknown-linux-gnu/lib]
  collapse library dir [/home/gaojies/Tools/riscv64-linux-x86_64-20210512/bin/../sysroot/lib64vxthead/lp64d] ==> [/home/gaojies/Tools/riscv64-linux-x86_64-20210512/sysroot/lib64vxthead/lp64d]
  collapse library dir [/home/gaojies/Tools/riscv64-linux-x86_64-20210512/bin/../sysroot/usr/lib64vxthead/lp64d] ==> [/home/gaojies/Tools/riscv64-linux-x86_64-20210512/sysroot/usr/lib64vxthead/lp64d]
  collapse library dir [/home/gaojies/Tools/riscv64-linux-x86_64-20210512/bin/../sysroot/lib] ==> [/home/gaojies/Tools/riscv64-linux-x86_64-20210512/sysroot/lib]
  implicit libs: [m;c]
  implicit dirs: [/home/gaojies/Tools/riscv64-linux-x86_64-20210512/lib/gcc/riscv64-unknown-linux-gnu/10.2.0/lib64vxthead/lp64d;/home/gaojies/Tools/riscv64-linux-x86_64-20210512/riscv64-unknown-linux-gnu/lib64vxthead/lp64d;/home/gaojies/Tools/riscv64-linux-x86_64-20210512/sysroot/lib64vxthead/lp64d;/home/gaojies/Tools/riscv64-linux-x86_64-20210512/lib/gcc/riscv64-unknown-linux-gnu/10.2.0;/home/gaojies/Tools/riscv64-linux-x86_64-20210512/lib/gcc;/home/gaojies/Tools/riscv64-linux-x86_64-20210512/riscv64-unknown-linux-gnu/lib;/home/gaojies/Tools/riscv64-linux-x86_64-20210512/sysroot/usr/lib64vxthead/lp64d;/home/gaojies/Tools/riscv64-linux-x86_64-20210512/sysroot/lib]
  implicit fwks: []


Determining if the CXX compiler works passed with the following output:
Change Dir: /home/gaojies/workspace/d1-tina-open/package/test/lvgltest/imx6ull-lvgl-master/build/CMakeFiles/CMakeTmp

Run Build Command:/usr/bin/make "cmTryCompileExec3748847497/fast"
/usr/bin/make -f CMakeFiles/cmTryCompileExec3748847497.dir/build.make CMakeFiles/cmTryCompileExec3748847497.dir/build
make[1]: Entering directory `/home/gaojies/workspace/d1-tina-open/package/test/lvgltest/imx6ull-lvgl-master/build/CMakeFiles/CMakeTmp'
/usr/bin/cmake -E cmake_progress_report /home/gaojies/workspace/d1-tina-open/package/test/lvgltest/imx6ull-lvgl-master/build/CMakeFiles/CMakeTmp/CMakeFiles 1
Building CXX object CMakeFiles/cmTryCompileExec3748847497.dir/testCXXCompiler.cxx.o
/home/gaojies/Tools/riscv64-linux-x86_64-20210512/bin/riscv64-unknown-linux-gnu-g++     -o CMakeFiles/cmTryCompileExec3748847497.dir/testCXXCompiler.cxx.o -c /home/gaojies/workspace/d1-tina-open/package/test/lvgltest/imx6ull-lvgl-master/build/CMakeFiles/CMakeTmp/testCXXCompiler.cxx
Linking CXX executable cmTryCompileExec3748847497
/usr/bin/cmake -E cmake_link_script CMakeFiles/cmTryCompileExec3748847497.dir/link.txt --verbose=1
/home/gaojies/Tools/riscv64-linux-x86_64-20210512/bin/riscv64-unknown-linux-gnu-g++        CMakeFiles/cmTryCompileExec3748847497.dir/testCXXCompiler.cxx.o  -o cmTryCompileExec3748847497 -rdynamic 
make[1]: Leaving directory `/home/gaojies/workspace/d1-tina-open/package/test/lvgltest/imx6ull-lvgl-master/build/CMakeFiles/CMakeTmp'


Detecting CXX compiler ABI info compiled with the following output:
Change Dir: /home/gaojies/workspace/d1-tina-open/package/test/lvgltest/imx6ull-lvgl-master/build/CMakeFiles/CMakeTmp

Run Build Command:/usr/bin/make "cmTryCompileExec1595770171/fast"
/usr/bin/make -f CMakeFiles/cmTryCompileExec1595770171.dir/build.make CMakeFiles/cmTryCompileExec1595770171.dir/build
make[1]: Entering directory `/home/gaojies/workspace/d1-tina-open/package/test/lvgltest/imx6ull-lvgl-master/build/CMakeFiles/CMakeTmp'
/usr/bin/cmake -E cmake_progress_report /home/gaojies/workspace/d1-tina-open/package/test/lvgltest/imx6ull-lvgl-master/build/CMakeFiles/CMakeTmp/CMakeFiles 1
Building CXX object CMakeFiles/cmTryCompileExec1595770171.dir/CMakeCXXCompilerABI.cpp.o
/home/gaojies/Tools/riscv64-linux-x86_64-20210512/bin/riscv64-unknown-linux-gnu-g++     -o CMakeFiles/cmTryCompileExec1595770171.dir/CMakeCXXCompilerABI.cpp.o -c /usr/share/cmake-2.8/Modules/CMakeCXXCompilerABI.cpp
Linking CXX executable cmTryCompileExec1595770171
/usr/bin/cmake -E cmake_link_script CMakeFiles/cmTryCompileExec1595770171.dir/link.txt --verbose=1
/home/gaojies/Tools/riscv64-linux-x86_64-20210512/bin/riscv64-unknown-linux-gnu-g++      -v CMakeFiles/cmTryCompileExec1595770171.dir/CMakeCXXCompilerABI.cpp.o  -o cmTryCompileExec1595770171 -rdynamic  
Using built-in specs.
COLLECT_GCC=/home/gaojies/Tools/riscv64-linux-x86_64-20210512/bin/riscv64-unknown-linux-gnu-g++
COLLECT_LTO_WRAPPER=/home/gaojies/Tools/riscv64-linux-x86_64-20210512/bin/../libexec/gcc/riscv64-unknown-linux-gnu/10.2.0/lto-wrapper
Target: riscv64-unknown-linux-gnu
Configured with: /ldhome/software/toolsbuild/slave2/workspace/Toolchain/release-riscv-0/build/../source/riscv/riscv-gcc/configure --target=riscv64-unknown-linux-gnu --with-gmp=/ldhome/software/toolsbuild/slave2/workspace/Toolchain/release-riscv-0/lib-for-gcc-x86_64-linux/ --with-mpfr=/ldhome/software/toolsbuild/slave2/workspace/Toolchain/release-riscv-0/lib-for-gcc-x86_64-linux/ --with-mpc=/ldhome/software/toolsbuild/slave2/workspace/Toolchain/release-riscv-0/lib-for-gcc-x86_64-linux/ --with-libexpat-prefix=/ldhome/software/toolsbuild/slave2/workspace/Toolchain/release-riscv-0/lib-for-gcc-x86_64-linux/ --with-pkgversion='T-HEAD RISCV Tools V2.0.1 B20210512' --prefix=/ldhome/software/toolsbuild/slave2/workspace/Toolchain/release-riscv-0/install --with-sysroot=/ldhome/software/toolsbuild/slave2/workspace/Toolchain/release-riscv-0/install/sysroot --with-system-zlib --enable-shared --enable-tls --enable-languages=c,c++,fortran --disable-libmudflap --disable-libssp --disable-libquadmath --disable-libsanitizer --disable-nls --disable-bootstrap --src=../../source/riscv/riscv-gcc --enable-multilib --with-abi=lp64d --with-arch=rv64gcxthead 'CFLAGS_FOR_TARGET=-O2   -mcmodel=medany' 'CXXFLAGS_FOR_TARGET=-O2   -mcmodel=medany'
Thread model: posix
Supported LTO compression algorithms: zlib
gcc version 10.2.0 (T-HEAD RISCV Tools V2.0.1 B20210512) 
COMPILER_PATH=/home/gaojies/Tools/riscv64-linux-x86_64-20210512/bin/../libexec/gcc/riscv64-unknown-linux-gnu/10.2.0/:/home/gaojies/Tools/riscv64-linux-x86_64-20210512/bin/../libexec/gcc/:/home/gaojies/Tools/riscv64-linux-x86_64-20210512/bin/../lib/gcc/riscv64-unknown-linux-gnu/10.2.0/../../../../riscv64-unknown-linux-gnu/bin/
LIBRARY_PATH=/home/gaojies/Tools/riscv64-linux-x86_64-20210512/bin/../lib/gcc/riscv64-unknown-linux-gnu/10.2.0/lib64xthead/lp64d/:/home/gaojies/Tools/riscv64-linux-x86_64-20210512/bin/../lib/gcc/riscv64-unknown-linux-gnu/10.2.0/../../../../riscv64-unknown-linux-gnu/lib/../lib64xthead/lp64d/:/home/gaojies/Tools/riscv64-linux-x86_64-20210512/bin/../sysroot/lib/../lib64xthead/lp64d/:/home/gaojies/Tools/riscv64-linux-x86_64-20210512/bin/../lib/gcc/riscv64-unknown-linux-gnu/10.2.0/:/home/gaojies/Tools/riscv64-linux-x86_64-20210512/bin/../lib/gcc/:/home/gaojies/Tools/riscv64-linux-x86_64-20210512/bin/../lib/gcc/riscv64-unknown-linux-gnu/10.2.0/../../../../riscv64-unknown-linux-gnu/lib/:/home/gaojies/Tools/riscv64-linux-x86_64-20210512/bin/../sysroot/lib64xthead/lp64d/:/home/gaojies/Tools/riscv64-linux-x86_64-20210512/bin/../sysroot/usr/lib64xthead/lp64d/:/home/gaojies/Tools/riscv64-linux-x86_64-20210512/bin/../sysroot/lib/
COLLECT_GCC_OPTIONS='-v' '-o' 'cmTryCompileExec1595770171' '-rdynamic' '-shared-libgcc' '-march=rv64gcxthead' '-mabi=lp64d' '-march=rv64imafdc_xtheadc'
 /home/gaojies/Tools/riscv64-linux-x86_64-20210512/bin/../libexec/gcc/riscv64-unknown-linux-gnu/10.2.0/collect2 -plugin /home/gaojies/Tools/riscv64-linux-x86_64-20210512/bin/../libexec/gcc/riscv64-unknown-linux-gnu/10.2.0/liblto_plugin.so -plugin-opt=/home/gaojies/Tools/riscv64-linux-x86_64-20210512/bin/../libexec/gcc/riscv64-unknown-linux-gnu/10.2.0/lto-wrapper -plugin-opt=-fresolution=/tmp/ccc610ca.res -plugin-opt=-pass-through=-lgcc_s -plugin-opt=-pass-through=-lgcc -plugin-opt=-pass-through=-lc -plugin-opt=-pass-through=-lgcc_s -plugin-opt=-pass-through=-lgcc --sysroot=/home/gaojies/Tools/riscv64-linux-x86_64-20210512/bin/../sysroot --eh-frame-hdr -melf64lriscv -export-dynamic -dynamic-linker /lib/ld-linux-riscv64xthead-lp64d.so.1 -o cmTryCompileExec1595770171 /home/gaojies/Tools/riscv64-linux-x86_64-20210512/bin/../sysroot/usr/lib64xthead/lp64d/crt1.o /home/gaojies/Tools/riscv64-linux-x86_64-20210512/bin/../lib/gcc/riscv64-unknown-linux-gnu/10.2.0/lib64xthead/lp64d/crti.o /home/gaojies/Tools/riscv64-linux-x86_64-20210512/bin/../lib/gcc/riscv64-unknown-linux-gnu/10.2.0/lib64xthead/lp64d/crtbegin.o -L/home/gaojies/Tools/riscv64-linux-x86_64-20210512/bin/../lib/gcc/riscv64-unknown-linux-gnu/10.2.0/lib64xthead/lp64d -L/home/gaojies/Tools/riscv64-linux-x86_64-20210512/bin/../lib/gcc/riscv64-unknown-linux-gnu/10.2.0/../../../../riscv64-unknown-linux-gnu/lib/../lib64xthead/lp64d -L/home/gaojies/Tools/riscv64-linux-x86_64-20210512/bin/../sysroot/lib/../lib64xthead/lp64d -L/home/gaojies/Tools/riscv64-linux-x86_64-20210512/bin/../lib/gcc/riscv64-unknown-linux-gnu/10.2.0 -L/home/gaojies/Tools/riscv64-linux-x86_64-20210512/bin/../lib/gcc -L/home/gaojies/Tools/riscv64-linux-x86_64-20210512/bin/../lib/gcc/riscv64-unknown-linux-gnu/10.2.0/../../../../riscv64-unknown-linux-gnu/lib -L/home/gaojies/Tools/riscv64-linux-x86_64-20210512/bin/../sysroot/lib64xthead/lp64d -L/home/gaojies/Tools/riscv64-linux-x86_64-20210512/bin/../sysroot/usr/lib64xthead/lp64d -L/home/gaojies/Tools/riscv64-linux-x86_64-20210512/bin/../sysroot/lib CMakeFiles/cmTryCompileExec1595770171.dir/CMakeCXXCompilerABI.cpp.o -lstdc++ -lm -lgcc_s -lgcc -lc -lgcc_s -lgcc /home/gaojies/Tools/riscv64-linux-x86_64-20210512/bin/../lib/gcc/riscv64-unknown-linux-gnu/10.2.0/lib64xthead/lp64d/crtend.o /home/gaojies/Tools/riscv64-linux-x86_64-20210512/bin/../lib/gcc/riscv64-unknown-linux-gnu/10.2.0/lib64xthead/lp64d/crtn.o
COLLECT_GCC_OPTIONS='-v' '-o' 'cmTryCompileExec1595770171' '-rdynamic' '-shared-libgcc' '-march=rv64gcxthead' '-mabi=lp64d' '-march=rv64imafdc_xtheadc'
make[1]: Leaving directory `/home/gaojies/workspace/d1-tina-open/package/test/lvgltest/imx6ull-lvgl-master/build/CMakeFiles/CMakeTmp'


Parsed CXX implicit link information from above output:
  link line regex: [^( *|.*[/\])(riscv64-unknown-linux-gnu-ld|([^/\]+-)?ld|collect2)[^/\]*( |$)]
  ignore line: [Change Dir: /home/gaojies/workspace/d1-tina-open/package/test/lvgltest/imx6ull-lvgl-master/build/CMakeFiles/CMakeTmp]
  ignore line: []
  ignore line: [Run Build Command:/usr/bin/make "cmTryCompileExec1595770171/fast"]
  ignore line: [/usr/bin/make -f CMakeFiles/cmTryCompileExec1595770171.dir/build.make CMakeFiles/cmTryCompileExec1595770171.dir/build]
  ignore line: [make[1]: Entering directory `/home/gaojies/workspace/d1-tina-open/package/test/lvgltest/imx6ull-lvgl-master/build/CMakeFiles/CMakeTmp']
  ignore line: [/usr/bin/cmake -E cmake_progress_report /home/gaojies/workspace/d1-tina-open/package/test/lvgltest/imx6ull-lvgl-master/build/CMakeFiles/CMakeTmp/CMakeFiles 1]
  ignore line: [Building CXX object CMakeFiles/cmTryCompileExec1595770171.dir/CMakeCXXCompilerABI.cpp.o]
  ignore line: [/home/gaojies/Tools/riscv64-linux-x86_64-20210512/bin/riscv64-unknown-linux-gnu-g++     -o CMakeFiles/cmTryCompileExec1595770171.dir/CMakeCXXCompilerABI.cpp.o -c /usr/share/cmake-2.8/Modules/CMakeCXXCompilerABI.cpp]
  ignore line: [Linking CXX executable cmTryCompileExec1595770171]
  ignore line: [/usr/bin/cmake -E cmake_link_script CMakeFiles/cmTryCompileExec1595770171.dir/link.txt --verbose=1]
  ignore line: [/home/gaojies/Tools/riscv64-linux-x86_64-20210512/bin/riscv64-unknown-linux-gnu-g++      -v CMakeFiles/cmTryCompileExec1595770171.dir/CMakeCXXCompilerABI.cpp.o  -o cmTryCompileExec1595770171 -rdynamic  ]
  ignore line: [Using built-in specs.]
  ignore line: [COLLECT_GCC=/home/gaojies/Tools/riscv64-linux-x86_64-20210512/bin/riscv64-unknown-linux-gnu-g++]
  ignore line: [COLLECT_LTO_WRAPPER=/home/gaojies/Tools/riscv64-linux-x86_64-20210512/bin/../libexec/gcc/riscv64-unknown-linux-gnu/10.2.0/lto-wrapper]
  ignore line: [Target: riscv64-unknown-linux-gnu]
  ignore line: [Configured with: /ldhome/software/toolsbuild/slave2/workspace/Toolchain/release-riscv-0/build/../source/riscv/riscv-gcc/configure --target=riscv64-unknown-linux-gnu --with-gmp=/ldhome/software/toolsbuild/slave2/workspace/Toolchain/release-riscv-0/lib-for-gcc-x86_64-linux/ --with-mpfr=/ldhome/software/toolsbuild/slave2/workspace/Toolchain/release-riscv-0/lib-for-gcc-x86_64-linux/ --with-mpc=/ldhome/software/toolsbuild/slave2/workspace/Toolchain/release-riscv-0/lib-for-gcc-x86_64-linux/ --with-libexpat-prefix=/ldhome/software/toolsbuild/slave2/workspace/Toolchain/release-riscv-0/lib-for-gcc-x86_64-linux/ --with-pkgversion='T-HEAD RISCV Tools V2.0.1 B20210512' --prefix=/ldhome/software/toolsbuild/slave2/workspace/Toolchain/release-riscv-0/install --with-sysroot=/ldhome/software/toolsbuild/slave2/workspace/Toolchain/release-riscv-0/install/sysroot --with-system-zlib --enable-shared --enable-tls --enable-languages=c,c++,fortran --disable-libmudflap --disable-libssp --disable-libquadmath --disable-libsanitizer --disable-nls --disable-bootstrap --src=../../source/riscv/riscv-gcc --enable-multilib --with-abi=lp64d --with-arch=rv64gcxthead 'CFLAGS_FOR_TARGET=-O2   -mcmodel=medany' 'CXXFLAGS_FOR_TARGET=-O2   -mcmodel=medany']
  ignore line: [Thread model: posix]
  ignore line: [Supported LTO compression algorithms: zlib]
  ignore line: [gcc version 10.2.0 (T-HEAD RISCV Tools V2.0.1 B20210512) ]
  ignore line: [COMPILER_PATH=/home/gaojies/Tools/riscv64-linux-x86_64-20210512/bin/../libexec/gcc/riscv64-unknown-linux-gnu/10.2.0/:/home/gaojies/Tools/riscv64-linux-x86_64-20210512/bin/../libexec/gcc/:/home/gaojies/Tools/riscv64-linux-x86_64-20210512/bin/../lib/gcc/riscv64-unknown-linux-gnu/10.2.0/../../../../riscv64-unknown-linux-gnu/bin/]
  ignore line: [LIBRARY_PATH=/home/gaojies/Tools/riscv64-linux-x86_64-20210512/bin/../lib/gcc/riscv64-unknown-linux-gnu/10.2.0/lib64xthead/lp64d/:/home/gaojies/Tools/riscv64-linux-x86_64-20210512/bin/../lib/gcc/riscv64-unknown-linux-gnu/10.2.0/../../../../riscv64-unknown-linux-gnu/lib/../lib64xthead/lp64d/:/home/gaojies/Tools/riscv64-linux-x86_64-20210512/bin/../sysroot/lib/../lib64xthead/lp64d/:/home/gaojies/Tools/riscv64-linux-x86_64-20210512/bin/../lib/gcc/riscv64-unknown-linux-gnu/10.2.0/:/home/gaojies/Tools/riscv64-linux-x86_64-20210512/bin/../lib/gcc/:/home/gaojies/Tools/riscv64-linux-x86_64-20210512/bin/../lib/gcc/riscv64-unknown-linux-gnu/10.2.0/../../../../riscv64-unknown-linux-gnu/lib/:/home/gaojies/Tools/riscv64-linux-x86_64-20210512/bin/../sysroot/lib64xthead/lp64d/:/home/gaojies/Tools/riscv64-linux-x86_64-20210512/bin/../sysroot/usr/lib64xthead/lp64d/:/home/gaojies/Tools/riscv64-linux-x86_64-20210512/bin/../sysroot/lib/]
  ignore line: [COLLECT_GCC_OPTIONS='-v' '-o' 'cmTryCompileExec1595770171' '-rdynamic' '-shared-libgcc' '-march=rv64gcxthead' '-mabi=lp64d' '-march=rv64imafdc_xtheadc']
  link line: [ /home/gaojies/Tools/riscv64-linux-x86_64-20210512/bin/../libexec/gcc/riscv64-unknown-linux-gnu/10.2.0/collect2 -plugin /home/gaojies/Tools/riscv64-linux-x86_64-20210512/bin/../libexec/gcc/riscv64-unknown-linux-gnu/10.2.0/liblto_plugin.so -plugin-opt=/home/gaojies/Tools/riscv64-linux-x86_64-20210512/bin/../libexec/gcc/riscv64-unknown-linux-gnu/10.2.0/lto-wrapper -plugin-opt=-fresolution=/tmp/ccc610ca.res -plugin-opt=-pass-through=-lgcc_s -plugin-opt=-pass-through=-lgcc -plugin-opt=-pass-through=-lc -plugin-opt=-pass-through=-lgcc_s -plugin-opt=-pass-through=-lgcc --sysroot=/home/gaojies/Tools/riscv64-linux-x86_64-20210512/bin/../sysroot --eh-frame-hdr -melf64lriscv -export-dynamic -dynamic-linker /lib/ld-linux-riscv64xthead-lp64d.so.1 -o cmTryCompileExec1595770171 /home/gaojies/Tools/riscv64-linux-x86_64-20210512/bin/../sysroot/usr/lib64xthead/lp64d/crt1.o /home/gaojies/Tools/riscv64-linux-x86_64-20210512/bin/../lib/gcc/riscv64-unknown-linux-gnu/10.2.0/lib64xthead/lp64d/crti.o /home/gaojies/Tools/riscv64-linux-x86_64-20210512/bin/../lib/gcc/riscv64-unknown-linux-gnu/10.2.0/lib64xthead/lp64d/crtbegin.o -L/home/gaojies/Tools/riscv64-linux-x86_64-20210512/bin/../lib/gcc/riscv64-unknown-linux-gnu/10.2.0/lib64xthead/lp64d -L/home/gaojies/Tools/riscv64-linux-x86_64-20210512/bin/../lib/gcc/riscv64-unknown-linux-gnu/10.2.0/../../../../riscv64-unknown-linux-gnu/lib/../lib64xthead/lp64d -L/home/gaojies/Tools/riscv64-linux-x86_64-20210512/bin/../sysroot/lib/../lib64xthead/lp64d -L/home/gaojies/Tools/riscv64-linux-x86_64-20210512/bin/../lib/gcc/riscv64-unknown-linux-gnu/10.2.0 -L/home/gaojies/Tools/riscv64-linux-x86_64-20210512/bin/../lib/gcc -L/home/gaojies/Tools/riscv64-linux-x86_64-20210512/bin/../lib/gcc/riscv64-unknown-linux-gnu/10.2.0/../../../../riscv64-unknown-linux-gnu/lib -L/home/gaojies/Tools/riscv64-linux-x86_64-20210512/bin/../sysroot/lib64xthead/lp64d -L/home/gaojies/Tools/riscv64-linux-x86_64-20210512/bin/../sysroot/usr/lib64xthead/lp64d -L/home/gaojies/Tools/riscv64-linux-x86_64-20210512/bin/../sysroot/lib CMakeFiles/cmTryCompileExec1595770171.dir/CMakeCXXCompilerABI.cpp.o -lstdc++ -lm -lgcc_s -lgcc -lc -lgcc_s -lgcc /home/gaojies/Tools/riscv64-linux-x86_64-20210512/bin/../lib/gcc/riscv64-unknown-linux-gnu/10.2.0/lib64xthead/lp64d/crtend.o /home/gaojies/Tools/riscv64-linux-x86_64-20210512/bin/../lib/gcc/riscv64-unknown-linux-gnu/10.2.0/lib64xthead/lp64d/crtn.o]
    arg [/home/gaojies/Tools/riscv64-linux-x86_64-20210512/bin/../libexec/gcc/riscv64-unknown-linux-gnu/10.2.0/collect2] ==> ignore
    arg [-plugin] ==> ignore
    arg [/home/gaojies/Tools/riscv64-linux-x86_64-20210512/bin/../libexec/gcc/riscv64-unknown-linux-gnu/10.2.0/liblto_plugin.so] ==> ignore
    arg [-plugin-opt=/home/gaojies/Tools/riscv64-linux-x86_64-20210512/bin/../libexec/gcc/riscv64-unknown-linux-gnu/10.2.0/lto-wrapper] ==> ignore
    arg [-plugin-opt=-fresolution=/tmp/ccc610ca.res] ==> ignore
    arg [-plugin-opt=-pass-through=-lgcc_s] ==> ignore
    arg [-plugin-opt=-pass-through=-lgcc] ==> ignore
    arg [-plugin-opt=-pass-through=-lc] ==> ignore
    arg [-plugin-opt=-pass-through=-lgcc_s] ==> ignore
    arg [-plugin-opt=-pass-through=-lgcc] ==> ignore
    arg [--sysroot=/home/gaojies/Tools/riscv64-linux-x86_64-20210512/bin/../sysroot] ==> ignore
    arg [--eh-frame-hdr] ==> ignore
    arg [-melf64lriscv] ==> ignore
    arg [-export-dynamic] ==> ignore
    arg [-dynamic-linker] ==> ignore
    arg [/lib/ld-linux-riscv64xthead-lp64d.so.1] ==> ignore
    arg [-o] ==> ignore
    arg [cmTryCompileExec1595770171] ==> ignore
    arg [/home/gaojies/Tools/riscv64-linux-x86_64-20210512/bin/../sysroot/usr/lib64xthead/lp64d/crt1.o] ==> ignore
    arg [/home/gaojies/Tools/riscv64-linux-x86_64-20210512/bin/../lib/gcc/riscv64-unknown-linux-gnu/10.2.0/lib64xthead/lp64d/crti.o] ==> ignore
    arg [/home/gaojies/Tools/riscv64-linux-x86_64-20210512/bin/../lib/gcc/riscv64-unknown-linux-gnu/10.2.0/lib64xthead/lp64d/crtbegin.o] ==> ignore
    arg [-L/home/gaojies/Tools/riscv64-linux-x86_64-20210512/bin/../lib/gcc/riscv64-unknown-linux-gnu/10.2.0/lib64xthead/lp64d] ==> dir [/home/gaojies/Tools/riscv64-linux-x86_64-20210512/bin/../lib/gcc/riscv64-unknown-linux-gnu/10.2.0/lib64xthead/lp64d]
    arg [-L/home/gaojies/Tools/riscv64-linux-x86_64-20210512/bin/../lib/gcc/riscv64-unknown-linux-gnu/10.2.0/../../../../riscv64-unknown-linux-gnu/lib/../lib64xthead/lp64d] ==> dir [/home/gaojies/Tools/riscv64-linux-x86_64-20210512/bin/../lib/gcc/riscv64-unknown-linux-gnu/10.2.0/../../../../riscv64-unknown-linux-gnu/lib/../lib64xthead/lp64d]
    arg [-L/home/gaojies/Tools/riscv64-linux-x86_64-20210512/bin/../sysroot/lib/../lib64xthead/lp64d] ==> dir [/home/gaojies/Tools/riscv64-linux-x86_64-20210512/bin/../sysroot/lib/../lib64xthead/lp64d]
    arg [-L/home/gaojies/Tools/riscv64-linux-x86_64-20210512/bin/../lib/gcc/riscv64-unknown-linux-gnu/10.2.0] ==> dir [/home/gaojies/Tools/riscv64-linux-x86_64-20210512/bin/../lib/gcc/riscv64-unknown-linux-gnu/10.2.0]
    arg [-L/home/gaojies/Tools/riscv64-linux-x86_64-20210512/bin/../lib/gcc] ==> dir [/home/gaojies/Tools/riscv64-linux-x86_64-20210512/bin/../lib/gcc]
    arg [-L/home/gaojies/Tools/riscv64-linux-x86_64-20210512/bin/../lib/gcc/riscv64-unknown-linux-gnu/10.2.0/../../../../riscv64-unknown-linux-gnu/lib] ==> dir [/home/gaojies/Tools/riscv64-linux-x86_64-20210512/bin/../lib/gcc/riscv64-unknown-linux-gnu/10.2.0/../../../../riscv64-unknown-linux-gnu/lib]
    arg [-L/home/gaojies/Tools/riscv64-linux-x86_64-20210512/bin/../sysroot/lib64xthead/lp64d] ==> dir [/home/gaojies/Tools/riscv64-linux-x86_64-20210512/bin/../sysroot/lib64xthead/lp64d]
    arg [-L/home/gaojies/Tools/riscv64-linux-x86_64-20210512/bin/../sysroot/usr/lib64xthead/lp64d] ==> dir [/home/gaojies/Tools/riscv64-linux-x86_64-20210512/bin/../sysroot/usr/lib64xthead/lp64d]
    arg [-L/home/gaojies/Tools/riscv64-linux-x86_64-20210512/bin/../sysroot/lib] ==> dir [/home/gaojies/Tools/riscv64-linux-x86_64-20210512/bin/../sysroot/lib]
    arg [CMakeFiles/cmTryCompileExec1595770171.dir/CMakeCXXCompilerABI.cpp.o] ==> ignore
    arg [-lstdc++] ==> lib [stdc++]
    arg [-lm] ==> lib [m]
    arg [-lgcc_s] ==> lib [gcc_s]
    arg [-lgcc] ==> lib [gcc]
    arg [-lc] ==> lib [c]
    arg [-lgcc_s] ==> lib [gcc_s]
    arg [-lgcc] ==> lib [gcc]
    arg [/home/gaojies/Tools/riscv64-linux-x86_64-20210512/bin/../lib/gcc/riscv64-unknown-linux-gnu/10.2.0/lib64xthead/lp64d/crtend.o] ==> ignore
    arg [/home/gaojies/Tools/riscv64-linux-x86_64-20210512/bin/../lib/gcc/riscv64-unknown-linux-gnu/10.2.0/lib64xthead/lp64d/crtn.o] ==> ignore
  remove lib [gcc_s]
  remove lib [gcc]
  remove lib [gcc_s]
  remove lib [gcc]
  collapse library dir [/home/gaojies/Tools/riscv64-linux-x86_64-20210512/bin/../lib/gcc/riscv64-unknown-linux-gnu/10.2.0/lib64xthead/lp64d] ==> [/home/gaojies/Tools/riscv64-linux-x86_64-20210512/lib/gcc/riscv64-unknown-linux-gnu/10.2.0/lib64xthead/lp64d]
  collapse library dir [/home/gaojies/Tools/riscv64-linux-x86_64-20210512/bin/../lib/gcc/riscv64-unknown-linux-gnu/10.2.0/../../../../riscv64-unknown-linux-gnu/lib/../lib64xthead/lp64d] ==> [/home/gaojies/Tools/riscv64-linux-x86_64-20210512/riscv64-unknown-linux-gnu/lib64xthead/lp64d]
  collapse library dir [/home/gaojies/Tools/riscv64-linux-x86_64-20210512/bin/../sysroot/lib/../lib64xthead/lp64d] ==> [/home/gaojies/Tools/riscv64-linux-x86_64-20210512/sysroot/lib64xthead/lp64d]
  collapse library dir [/home/gaojies/Tools/riscv64-linux-x86_64-20210512/bin/../lib/gcc/riscv64-unknown-linux-gnu/10.2.0] ==> [/home/gaojies/Tools/riscv64-linux-x86_64-20210512/lib/gcc/riscv64-unknown-linux-gnu/10.2.0]
  collapse library dir [/home/gaojies/Tools/riscv64-linux-x86_64-20210512/bin/../lib/gcc] ==> [/home/gaojies/Tools/riscv64-linux-x86_64-20210512/lib/gcc]
  collapse library dir [/home/gaojies/Tools/riscv64-linux-x86_64-20210512/bin/../lib/gcc/riscv64-unknown-linux-gnu/10.2.0/../../../../riscv64-unknown-linux-gnu/lib] ==> [/home/gaojies/Tools/riscv64-linux-x86_64-20210512/riscv64-unknown-linux-gnu/lib]
  collapse library dir [/home/gaojies/Tools/riscv64-linux-x86_64-20210512/bin/../sysroot/lib64xthead/lp64d] ==> [/home/gaojies/Tools/riscv64-linux-x86_64-20210512/sysroot/lib64xthead/lp64d]
  collapse library dir [/home/gaojies/Tools/riscv64-linux-x86_64-20210512/bin/../sysroot/usr/lib64xthead/lp64d] ==> [/home/gaojies/Tools/riscv64-linux-x86_64-20210512/sysroot/usr/lib64xthead/lp64d]
  collapse library dir [/home/gaojies/Tools/riscv64-linux-x86_64-20210512/bin/../sysroot/lib] ==> [/home/gaojies/Tools/riscv64-linux-x86_64-20210512/sysroot/lib]
  implicit libs: [stdc++;m;c]
  implicit dirs: [/home/gaojies/Tools/riscv64-linux-x86_64-20210512/lib/gcc/riscv64-unknown-linux-gnu/10.2.0/lib64xthead/lp64d;/home/gaojies/Tools/riscv64-linux-x86_64-20210512/riscv64-unknown-linux-gnu/lib64xthead/lp64d;/home/gaojies/Tools/riscv64-linux-x86_64-20210512/sysroot/lib64xthead/lp64d;/home/gaojies/Tools/riscv64-linux-x86_64-20210512/lib/gcc/riscv64-unknown-linux-gnu/10.2.0;/home/gaojies/Tools/riscv64-linux-x86_64-20210512/lib/gcc;/home/gaojies/Tools/riscv64-linux-x86_64-20210512/riscv64-unknown-linux-gnu/lib;/home/gaojies/Tools/riscv64-linux-x86_64-20210512/sysroot/usr/lib64xthead/lp64d;/home/gaojies/Tools/riscv64-linux-x86_64-20210512/sysroot/lib]
  implicit fwks: []


